10:32:51.612 INFO - Launching a standalone server
Setting system property webdriver.chrome.driver to ./drivers/chromedriver
10:32:51.639 INFO - Java: Apple Inc. 20.65-b04-466.1
10:32:51.639 INFO - OS: Mac OS X 10.10.3 x86_64
10:32:51.647 INFO - v2.45.0, with Core v2.45.0. Built from revision 5017cb8
10:32:51.700 INFO - Default driver org.openqa.selenium.ie.InternetExplorerDriver registration is skipped: registration capabilities Capabilities [{platform=WINDOWS, ensureCleanSession=true, browserName=internet explorer, version=}] does not match with current platform: MAC
10:32:51.728 INFO - RemoteWebDriver instances should connect to: http://127.0.0.1:4444/wd/hub
10:32:51.729 INFO - Version Jetty/5.1.x
10:32:51.729 INFO - Started HttpContext[/selenium-server/driver,/selenium-server/driver]
10:32:51.730 INFO - Started HttpContext[/selenium-server,/selenium-server]
10:32:51.730 INFO - Started HttpContext[/,/]
10:32:51.757 INFO - Started org.openqa.jetty.jetty.servlet.ServletHandler@ac44b88
10:32:51.757 INFO - Started HttpContext[/wd,/wd]
10:32:51.761 INFO - Started SocketListener on 0.0.0.0:4444
10:32:51.761 INFO - Started org.openqa.jetty.jetty.Server@60765a16
10:32:51.973 INFO - Executing: [new session: Capabilities [{platform=ANY, acceptSslCerts=true, javascriptEnabled=true, browserName=chrome, name=Bns Test, chromeOptions={args=[start-fullscreen]}}]])
10:32:51.982 INFO - Creating a new session for Capabilities [{platform=ANY, acceptSslCerts=true, javascriptEnabled=true, browserName=chrome, name=Bns Test, chromeOptions={args=[start-fullscreen]}}]
Starting ChromeDriver (v2.9.248307) on port 17354
10:32:53.803 INFO - Done: [new session: Capabilities [{platform=ANY, acceptSslCerts=true, javascriptEnabled=true, browserName=chrome, name=Bns Test, chromeOptions={args=[start-fullscreen]}}]]
10:32:53.834 INFO - Executing: [get: http://rc.bns.plaync.com])
10:32:55.185 INFO - Done: [get: http://rc.bns.plaync.com]
10:32:55.191 INFO - Executing: [find elements: By.cssSelector: body])
10:32:55.218 INFO - Done: [find elements: By.cssSelector: body]
10:32:55.221 INFO - Executing: [is displayed: 0 [[ChromeDriver: chrome on MAC (8ee96ba393a9cef99b6f45e8444f02e3)] -> css selector: body]])
10:32:55.234 INFO - Done: [is displayed: 0 [[ChromeDriver: chrome on MAC (8ee96ba393a9cef99b6f45e8444f02e3)] -> css selector: body]]
10:32:55.239 INFO - Executing: [get title])
10:32:55.243 INFO - Done: [get title]
10:32:55.247 INFO - Executing: [find element: By.cssSelector: #id])
10:32:55.901 WARN - Exception thrown
org.openqa.selenium.NoSuchElementException: no such element
  (Session info: chrome=44.0.2403.130)
  (Driver info: chromedriver=2.9.248307,platform=Mac OS X 10.10.3 x86_64) (WARNING: The server did not provide any stacktrace information)
Command duration or timeout: 11 milliseconds
For documentation on this error, please visit: http://seleniumhq.org/exceptions/no_such_element.html
Build info: version: '2.45.0', revision: '5017cb8', time: '2015-02-26 23:59:50'
System info: host: 'pdwui-mbp.korea.ncsoft.corp', ip: '172.20.12.100', os.name: 'Mac OS X', os.arch: 'x86_64', os.version: '10.10.3', java.version: '1.6.0_65'
*** Element info: {Using=css selector, value=#id}
Session ID: 8ee96ba393a9cef99b6f45e8444f02e3
Driver info: org.openqa.selenium.chrome.ChromeDriver
Capabilities [{platform=MAC, acceptSslCerts=true, javascriptEnabled=true, browserName=chrome, chrome={userDataDir=/var/folders/8g/3llp93s97yx06w80xrtsh4440000gn/T/.org.chromium.Chromium.3HISnl}, rotatable=false, locationContextEnabled=true, version=44.0.2403.130, takesHeapSnapshot=true, cssSelectorsEnabled=true, databaseEnabled=false, handlesAlerts=true, browserConnectionEnabled=false, webStorageEnabled=true, nativeEvents=true, applicationCacheEnabled=false, takesScreenshot=true}]
	at sun.reflect.NativeConstructorAccessorImpl.newInstance0(Native Method)
	at sun.reflect.NativeConstructorAccessorImpl.newInstance(NativeConstructorAccessorImpl.java:39)
	at sun.reflect.DelegatingConstructorAccessorImpl.newInstance(DelegatingConstructorAccessorImpl.java:27)
	at java.lang.reflect.Constructor.newInstance(Constructor.java:513)
	at org.openqa.selenium.remote.ErrorHandler.createThrowable(ErrorHandler.java:204)
	at org.openqa.selenium.remote.ErrorHandler.throwIfResponseFailed(ErrorHandler.java:156)
	at org.openqa.selenium.remote.RemoteWebDriver.execute(RemoteWebDriver.java:599)
	at org.openqa.selenium.remote.RemoteWebDriver.findElement(RemoteWebDriver.java:352)
	at org.openqa.selenium.remote.RemoteWebDriver.findElementByCssSelector(RemoteWebDriver.java:441)
	at org.openqa.selenium.By$ByCssSelector.findElement(By.java:426)
	at org.openqa.selenium.remote.RemoteWebDriver.findElement(RemoteWebDriver.java:344)
	at sun.reflect.NativeMethodAccessorImpl.invoke0(Native Method)
	at sun.reflect.NativeMethodAccessorImpl.invoke(NativeMethodAccessorImpl.java:39)
	at sun.reflect.DelegatingMethodAccessorImpl.invoke(DelegatingMethodAccessorImpl.java:25)
	at java.lang.reflect.Method.invoke(Method.java:597)
	at org.openqa.selenium.support.events.EventFiringWebDriver$2.invoke(EventFiringWebDriver.java:101)
	at com.sun.proxy.$Proxy1.findElement(Unknown Source)
	at org.openqa.selenium.support.events.EventFiringWebDriver.findElement(EventFiringWebDriver.java:184)
	at org.openqa.selenium.remote.server.handler.FindElement.call(FindElement.java:47)
	at org.openqa.selenium.remote.server.handler.FindElement.call(FindElement.java:1)
	at java.util.concurrent.FutureTask$Sync.innerRun(FutureTask.java:303)
	at java.util.concurrent.FutureTask.run(FutureTask.java:138)
	at org.openqa.selenium.remote.server.DefaultSession$1.run(DefaultSession.java:168)
	at java.util.concurrent.ThreadPoolExecutor$Worker.runTask(ThreadPoolExecutor.java:895)
	at java.util.concurrent.ThreadPoolExecutor$Worker.run(ThreadPoolExecutor.java:918)
	at java.lang.Thread.run(Thread.java:695)
10:32:55.904 WARN - Exception: no such element
  (Session info: chrome=44.0.2403.130)
  (Driver info: chromedriver=2.9.248307,platform=Mac OS X 10.10.3 x86_64) (WARNING: The server did not provide any stacktrace information)
Command duration or timeout: 11 milliseconds
For documentation on this error, please visit: http://seleniumhq.org/exceptions/no_such_element.html
Build info: version: '2.45.0', revision: '5017cb8', time: '2015-02-26 23:59:50'
System info: host: 'pdwui-mbp.korea.ncsoft.corp', ip: '172.20.12.100', os.name: 'Mac OS X', os.arch: 'x86_64', os.version: '10.10.3', java.version: '1.6.0_65'
*** Element info: {Using=css selector, value=#id}
Session ID: 8ee96ba393a9cef99b6f45e8444f02e3
Driver info: org.openqa.selenium.chrome.ChromeDriver
Capabilities [{platform=MAC, acceptSslCerts=true, javascriptEnabled=true, browserName=chrome, chrome={userDataDir=/var/folders/8g/3llp93s97yx06w80xrtsh4440000gn/T/.org.chromium.Chromium.3HISnl}, rotatable=false, locationContextEnabled=true, version=44.0.2403.130, takesHeapSnapshot=true, cssSelectorsEnabled=true, databaseEnabled=false, handlesAlerts=true, browserConnectionEnabled=false, webStorageEnabled=true, nativeEvents=true, applicationCacheEnabled=false, takesScreenshot=true}]
10:32:55.974 INFO - Executing: [find element: By.cssSelector: #pwd])
10:32:56.261 WARN - Exception thrown
org.openqa.selenium.NoSuchElementException: no such element
  (Session info: chrome=44.0.2403.130)
  (Driver info: chromedriver=2.9.248307,platform=Mac OS X 10.10.3 x86_64) (WARNING: The server did not provide any stacktrace information)
Command duration or timeout: 13 milliseconds
For documentation on this error, please visit: http://seleniumhq.org/exceptions/no_such_element.html
Build info: version: '2.45.0', revision: '5017cb8', time: '2015-02-26 23:59:50'
System info: host: 'pdwui-mbp.korea.ncsoft.corp', ip: '172.20.12.100', os.name: 'Mac OS X', os.arch: 'x86_64', os.version: '10.10.3', java.version: '1.6.0_65'
*** Element info: {Using=css selector, value=#pwd}
Session ID: 8ee96ba393a9cef99b6f45e8444f02e3
Driver info: org.openqa.selenium.chrome.ChromeDriver
Capabilities [{platform=MAC, acceptSslCerts=true, javascriptEnabled=true, browserName=chrome, chrome={userDataDir=/var/folders/8g/3llp93s97yx06w80xrtsh4440000gn/T/.org.chromium.Chromium.3HISnl}, rotatable=false, locationContextEnabled=true, version=44.0.2403.130, takesHeapSnapshot=true, cssSelectorsEnabled=true, databaseEnabled=false, handlesAlerts=true, browserConnectionEnabled=false, webStorageEnabled=true, nativeEvents=true, applicationCacheEnabled=false, takesScreenshot=true}]
	at sun.reflect.NativeConstructorAccessorImpl.newInstance0(Native Method)
	at sun.reflect.NativeConstructorAccessorImpl.newInstance(NativeConstructorAccessorImpl.java:39)
	at sun.reflect.DelegatingConstructorAccessorImpl.newInstance(DelegatingConstructorAccessorImpl.java:27)
	at java.lang.reflect.Constructor.newInstance(Constructor.java:513)
	at org.openqa.selenium.remote.ErrorHandler.createThrowable(ErrorHandler.java:204)
	at org.openqa.selenium.remote.ErrorHandler.throwIfResponseFailed(ErrorHandler.java:156)
	at org.openqa.selenium.remote.RemoteWebDriver.execute(RemoteWebDriver.java:599)
	at org.openqa.selenium.remote.RemoteWebDriver.findElement(RemoteWebDriver.java:352)
	at org.openqa.selenium.remote.RemoteWebDriver.findElementByCssSelector(RemoteWebDriver.java:441)
	at org.openqa.selenium.By$ByCssSelector.findElement(By.java:426)
	at org.openqa.selenium.remote.RemoteWebDriver.findElement(RemoteWebDriver.java:344)
	at sun.reflect.NativeMethodAccessorImpl.invoke0(Native Method)
	at sun.reflect.NativeMethodAccessorImpl.invoke(NativeMethodAccessorImpl.java:39)
	at sun.reflect.DelegatingMethodAccessorImpl.invoke(DelegatingMethodAccessorImpl.java:25)
	at java.lang.reflect.Method.invoke(Method.java:597)
	at org.openqa.selenium.support.events.EventFiringWebDriver$2.invoke(EventFiringWebDriver.java:101)
	at com.sun.proxy.$Proxy1.findElement(Unknown Source)
	at org.openqa.selenium.support.events.EventFiringWebDriver.findElement(EventFiringWebDriver.java:184)
	at org.openqa.selenium.remote.server.handler.FindElement.call(FindElement.java:47)
	at org.openqa.selenium.remote.server.handler.FindElement.call(FindElement.java:1)
	at java.util.concurrent.FutureTask$Sync.innerRun(FutureTask.java:303)
	at java.util.concurrent.FutureTask.run(FutureTask.java:138)
	at org.openqa.selenium.remote.server.DefaultSession$1.run(DefaultSession.java:168)
	at java.util.concurrent.ThreadPoolExecutor$Worker.runTask(ThreadPoolExecutor.java:895)
	at java.util.concurrent.ThreadPoolExecutor$Worker.run(ThreadPoolExecutor.java:918)
	at java.lang.Thread.run(Thread.java:695)
10:32:56.263 WARN - Exception: no such element
  (Session info: chrome=44.0.2403.130)
  (Driver info: chromedriver=2.9.248307,platform=Mac OS X 10.10.3 x86_64) (WARNING: The server did not provide any stacktrace information)
Command duration or timeout: 13 milliseconds
For documentation on this error, please visit: http://seleniumhq.org/exceptions/no_such_element.html
Build info: version: '2.45.0', revision: '5017cb8', time: '2015-02-26 23:59:50'
System info: host: 'pdwui-mbp.korea.ncsoft.corp', ip: '172.20.12.100', os.name: 'Mac OS X', os.arch: 'x86_64', os.version: '10.10.3', java.version: '1.6.0_65'
*** Element info: {Using=css selector, value=#pwd}
Session ID: 8ee96ba393a9cef99b6f45e8444f02e3
Driver info: org.openqa.selenium.chrome.ChromeDriver
Capabilities [{platform=MAC, acceptSslCerts=true, javascriptEnabled=true, browserName=chrome, chrome={userDataDir=/var/folders/8g/3llp93s97yx06w80xrtsh4440000gn/T/.org.chromium.Chromium.3HISnl}, rotatable=false, locationContextEnabled=true, version=44.0.2403.130, takesHeapSnapshot=true, cssSelectorsEnabled=true, databaseEnabled=false, handlesAlerts=true, browserConnectionEnabled=false, webStorageEnabled=true, nativeEvents=true, applicationCacheEnabled=false, takesScreenshot=true}]
10:32:56.295 INFO - Executing: [find element: By.cssSelector: #login])
10:32:56.569 WARN - Exception thrown
org.openqa.selenium.NoSuchElementException: no such element
  (Session info: chrome=44.0.2403.130)
  (Driver info: chromedriver=2.9.248307,platform=Mac OS X 10.10.3 x86_64) (WARNING: The server did not provide any stacktrace information)
Command duration or timeout: 12 milliseconds
For documentation on this error, please visit: http://seleniumhq.org/exceptions/no_such_element.html
Build info: version: '2.45.0', revision: '5017cb8', time: '2015-02-26 23:59:50'
System info: host: 'pdwui-mbp.korea.ncsoft.corp', ip: '172.20.12.100', os.name: 'Mac OS X', os.arch: 'x86_64', os.version: '10.10.3', java.version: '1.6.0_65'
*** Element info: {Using=css selector, value=#login}
Session ID: 8ee96ba393a9cef99b6f45e8444f02e3
Driver info: org.openqa.selenium.chrome.ChromeDriver
Capabilities [{platform=MAC, acceptSslCerts=true, javascriptEnabled=true, browserName=chrome, chrome={userDataDir=/var/folders/8g/3llp93s97yx06w80xrtsh4440000gn/T/.org.chromium.Chromium.3HISnl}, rotatable=false, locationContextEnabled=true, version=44.0.2403.130, takesHeapSnapshot=true, cssSelectorsEnabled=true, databaseEnabled=false, handlesAlerts=true, browserConnectionEnabled=false, webStorageEnabled=true, nativeEvents=true, applicationCacheEnabled=false, takesScreenshot=true}]
	at sun.reflect.NativeConstructorAccessorImpl.newInstance0(Native Method)
	at sun.reflect.NativeConstructorAccessorImpl.newInstance(NativeConstructorAccessorImpl.java:39)
	at sun.reflect.DelegatingConstructorAccessorImpl.newInstance(DelegatingConstructorAccessorImpl.java:27)
	at java.lang.reflect.Constructor.newInstance(Constructor.java:513)
	at org.openqa.selenium.remote.ErrorHandler.createThrowable(ErrorHandler.java:204)
	at org.openqa.selenium.remote.ErrorHandler.throwIfResponseFailed(ErrorHandler.java:156)
	at org.openqa.selenium.remote.RemoteWebDriver.execute(RemoteWebDriver.java:599)
	at org.openqa.selenium.remote.RemoteWebDriver.findElement(RemoteWebDriver.java:352)
	at org.openqa.selenium.remote.RemoteWebDriver.findElementByCssSelector(RemoteWebDriver.java:441)
	at org.openqa.selenium.By$ByCssSelector.findElement(By.java:426)
	at org.openqa.selenium.remote.RemoteWebDriver.findElement(RemoteWebDriver.java:344)
	at sun.reflect.NativeMethodAccessorImpl.invoke0(Native Method)
	at sun.reflect.NativeMethodAccessorImpl.invoke(NativeMethodAccessorImpl.java:39)
	at sun.reflect.DelegatingMethodAccessorImpl.invoke(DelegatingMethodAccessorImpl.java:25)
	at java.lang.reflect.Method.invoke(Method.java:597)
	at org.openqa.selenium.support.events.EventFiringWebDriver$2.invoke(EventFiringWebDriver.java:101)
	at com.sun.proxy.$Proxy1.findElement(Unknown Source)
	at org.openqa.selenium.support.events.EventFiringWebDriver.findElement(EventFiringWebDriver.java:184)
	at org.openqa.selenium.remote.server.handler.FindElement.call(FindElement.java:47)
	at org.openqa.selenium.remote.server.handler.FindElement.call(FindElement.java:1)
	at java.util.concurrent.FutureTask$Sync.innerRun(FutureTask.java:303)
	at java.util.concurrent.FutureTask.run(FutureTask.java:138)
	at org.openqa.selenium.remote.server.DefaultSession$1.run(DefaultSession.java:168)
	at java.util.concurrent.ThreadPoolExecutor$Worker.runTask(ThreadPoolExecutor.java:895)
	at java.util.concurrent.ThreadPoolExecutor$Worker.run(ThreadPoolExecutor.java:918)
	at java.lang.Thread.run(Thread.java:695)
10:32:56.570 WARN - Exception: no such element
  (Session info: chrome=44.0.2403.130)
  (Driver info: chromedriver=2.9.248307,platform=Mac OS X 10.10.3 x86_64) (WARNING: The server did not provide any stacktrace information)
Command duration or timeout: 12 milliseconds
For documentation on this error, please visit: http://seleniumhq.org/exceptions/no_such_element.html
Build info: version: '2.45.0', revision: '5017cb8', time: '2015-02-26 23:59:50'
System info: host: 'pdwui-mbp.korea.ncsoft.corp', ip: '172.20.12.100', os.name: 'Mac OS X', os.arch: 'x86_64', os.version: '10.10.3', java.version: '1.6.0_65'
*** Element info: {Using=css selector, value=#login}
Session ID: 8ee96ba393a9cef99b6f45e8444f02e3
Driver info: org.openqa.selenium.chrome.ChromeDriver
Capabilities [{platform=MAC, acceptSslCerts=true, javascriptEnabled=true, browserName=chrome, chrome={userDataDir=/var/folders/8g/3llp93s97yx06w80xrtsh4440000gn/T/.org.chromium.Chromium.3HISnl}, rotatable=false, locationContextEnabled=true, version=44.0.2403.130, takesHeapSnapshot=true, cssSelectorsEnabled=true, databaseEnabled=false, handlesAlerts=true, browserConnectionEnabled=false, webStorageEnabled=true, nativeEvents=true, applicationCacheEnabled=false, takesScreenshot=true}]
10:32:56.627 INFO - Executing: [find elements: By.cssSelector: span.gnbMyname])
10:32:56.641 INFO - Done: [find elements: By.cssSelector: span.gnbMyname]
10:32:57.155 INFO - Executing: [find elements: By.cssSelector: span.gnbMyname])
10:32:57.168 INFO - Done: [find elements: By.cssSelector: span.gnbMyname]
10:32:57.673 INFO - Executing: [find elements: By.cssSelector: span.gnbMyname])
10:32:57.680 INFO - Done: [find elements: By.cssSelector: span.gnbMyname]
10:32:58.190 INFO - Executing: [find elements: By.cssSelector: span.gnbMyname])
10:32:58.197 INFO - Done: [find elements: By.cssSelector: span.gnbMyname]
10:32:58.703 INFO - Executing: [find elements: By.cssSelector: span.gnbMyname])
10:32:58.710 INFO - Done: [find elements: By.cssSelector: span.gnbMyname]
10:32:59.220 INFO - Executing: [find elements: By.cssSelector: span.gnbMyname])
10:32:59.227 INFO - Done: [find elements: By.cssSelector: span.gnbMyname]
10:32:59.736 INFO - Executing: [find elements: By.cssSelector: span.gnbMyname])
10:32:59.741 INFO - Done: [find elements: By.cssSelector: span.gnbMyname]
10:33:00.248 INFO - Executing: [find elements: By.cssSelector: span.gnbMyname])
10:33:00.257 INFO - Done: [find elements: By.cssSelector: span.gnbMyname]
10:33:00.766 INFO - Executing: [find elements: By.cssSelector: span.gnbMyname])
10:33:00.774 INFO - Done: [find elements: By.cssSelector: span.gnbMyname]
10:33:01.281 INFO - Executing: [find elements: By.cssSelector: span.gnbMyname])
10:33:01.290 INFO - Done: [find elements: By.cssSelector: span.gnbMyname]
10:33:01.798 INFO - Executing: [find elements: By.cssSelector: span.gnbMyname])
10:33:01.806 INFO - Done: [find elements: By.cssSelector: span.gnbMyname]
10:33:01.811 INFO - Executing: [delete session: 73b96ce5-7a74-4752-9b24-32bc966ee5f9])
10:33:02.374 INFO - Done: [delete session: 73b96ce5-7a74-4752-9b24-32bc966ee5f9]
